Removed Pin From Net: NetName=GND Pin=C12-1
Removed Pin From Net: NetName=GND Pin=C14-2
Removed Pin From Net: NetName=NetC11_2 Pin=U1-23
Removed Pin From Net: NetName=NetC13_1 Pin=U1-24
Added Component: Designator=JS2(JoyStick)
Added Pin To Net: NetName=GND Pin=C12-2
Added Pin To Net: NetName=GND Pin=C14-1
Added Pin To Net: NetName=3.3V Pin=JS2-1
Added Pin To Net: NetName=GND Pin=JS2-3
Added Pin To Net: NetName=3.3V Pin=JS2-4
Added Pin To Net: NetName=GND Pin=JS2-6
Added Pin To Net: NetName=NetC10_2 Pin=JS2-7
Added Pin To Net: NetName=GND Pin=JS2-8
Added Pin To Net: NetName=NetC10_2 Pin=JS2-9
Added Pin To Net: NetName=GND Pin=JS2-10
Added Pin To Net: NetName=NetC13_1 Pin=U1-23
Added Pin To Net: NetName=NetC11_2 Pin=U1-24
Added Pin To Net: NetName=NetC12_1 Pin=C12-1
Added Pin To Net: NetName=NetC12_1 Pin=JS2-5
Added Pin To Net: NetName=NetC12_1 Pin=U1-26
Added Net: Name=NetC12_1
Added Pin To Net: NetName=NetC14_2 Pin=C14-2
Added Pin To Net: NetName=NetC14_2 Pin=JS2-2
Added Pin To Net: NetName=NetC14_2 Pin=U1-25
Added Net: Name=NetC14_2
Added Member To Class: ClassName=U_Dev Member=Component JS2 JoyStick
