Removed Pin From Net: NetName=NetD2_A Pin=D2-A
Removed Pin From Net: NetName=GND Pin=D2-K
Removed Pin From Net: NetName=5V Pin=D3-A
Removed Pin From Net: NetName=NetD3_K Pin=D3-K
Removed Pin From Net: NetName=5V Pin=D4-A
Removed Pin From Net: NetName=NetD4_K Pin=D4-K
Change Component Footprint: Designator=D2 Old Footprint=LED_0603 New Footprint=LED-0603
Change Component Footprint: Designator=D3 Old Footprint=LED_0603 New Footprint=LED-0603
Change Component Footprint: Designator=D4 Old Footprint=LED_0603 New Footprint=LED-0603
Change Component Comment : Designator=D4 Old Comment=GREEN New Comment=RED
Change Component Comment : Designator=D5 Old Comment=ºìÉ« New Comment=RED
Change Component Comment : Designator=D6 Old Comment=ÂÌÉ« New Comment=RED
Added Pin To Net: NetName=NetD1_A Pin=D1-1
Added Pin To Net: NetName=GND Pin=D1-2
Added Pin To Net: NetName=NetD2_A Pin=D2-1
Added Pin To Net: NetName=GND Pin=D2-2
Added Pin To Net: NetName=5V Pin=D3-1
Added Pin To Net: NetName=NetD3_K Pin=D3-2
Added Pin To Net: NetName=5V Pin=D4-1
Added Pin To Net: NetName=NetD4_K Pin=D4-2
Added Pin To Net: NetName=NetD5_A Pin=D5-1
Added Pin To Net: NetName=NetD5_K Pin=D5-2
Added Pin To Net: NetName=NetD6_A Pin=D6-1
Added Pin To Net: NetName=NetD6_K Pin=D6-2
